Arguments: 
  /usr/local/bin/node /usr/local/bin/yarn

PATH: 
  /usr/local/bin:/System/Cryptexes/App/usr/bin:/usr/bin:/bin:/usr/sbin:/sbin:/usr/local/go/bin:/Library/Apple/usr/bin:/Users/baza/.zinit/polaris/sbin:/Users/baza/.zinit/polaris/bin:/Users/baza/Documents/dev/webOS_TV_SDK/CLI/bin:/Users/baza/Documents/dev/webOS_TV_SDK/CLI/bin

Yarn version: 
  1.22.4

Node version: 
  16.16.0

Platform: 
  darwin x64

Trace: 
  Error: connect ENETUNREACH 104.16.27.34:443 - Local (0.0.0.0:56944)
      at internalConnect (node:net:953:16)
      at defaultTriggerAsyncIdScope (node:internal/async_hooks:465:18)
      at emitLookup (node:net:1097:9)
      at /usr/local/lib/node_modules/yarn/lib/cli.js:107523:28
      at /usr/local/lib/node_modules/yarn/lib/cli.js:107432:13
      at RawTask.module.exports.RawTask.call (/usr/local/lib/node_modules/yarn/lib/cli.js:83613:19)
      at flush (/usr/local/lib/node_modules/yarn/lib/cli.js:83695:29)
      at processTicksAndRejections (node:internal/process/task_queues:78:11)

npm manifest: 
  {
    "name": "backend",
    "version": "1.0.0",
    "description": "",
    "main": "src/main.ts",
    "repository": "",
    "author": "yuriBaza23 <yuribaza2321@gmail.com>",
    "license": "MIT",
    "scripts": {
      "build": "npx tsc",
      "start:prod": "node ./dist/main.js",
      "start:dev": "ts-node-dev ./src/main.ts",
      "create:db": "docker run -d --name ew23 -p 5433:5432 -e POSTGRES_PASSWORD=123456 postgres:13.5",
      "migrate": "prisma migrate dev"
    },
    "dependencies": {
      "@prisma/client": "^5.2.0",
      "bcrypt": "^5.1.1",
      "body-parser": "^1.20.2",
      "cors": "^2.8.5",
      "date-fns": "^2.30.0",
      "dotenv": "^16.3.1",
      "express": "^4.18.2",
      "jsonwebtoken": "^9.0.1",
      "package-name-regex": "^3.0.0",
      "prisma": "^5.2.0",
      "typescript": "^5.1.6",
      "uuidv4": "^6.2.13"
    },
    "devDependencies": {
      "@types/bcrypt": "^5.0.0",
      "@types/cors": "^2.8.14",
      "@types/express": "^4.17.17",
      "@types/jsonwebtoken": "^9.0.2",
      "@types/typescript": "^2.0.0",
      "ts-node": "^10.9.1",
      "ts-node-dev": "^2.0.0"
    }
  }

yarn manifest: 
  No manifest

Lockfile: 
  No lockfile
